Vivado Simulator 2018.3
Copyright 1986-1999, 2001-2018 Xilinx, Inc. All Rights Reserved.
Running: D:/Xilinx/Vivado/2018.3/bin/unwrapped/win64.o/xelab.exe -wto 264588a7b93b43a88adcb81fd475c51b --incr --debug typical --relax --mt 32 -L blk_mem_gen_v8_4_2 -L xil_defaultlib -L unisims_ver -L unimacro_ver -L secureip -L xpm --snapshot tb_top_behav xil_defaultlib.tb_top xil_defaultlib.glbl -log elaborate.log 
Using 32 slave threads.
Starting static elaboration
WARNING: [VRFC 10-3091] actual bit length 1 differs from formal bit length 10 for port 'center_x' [C:/Users/baddog/Desktop/img_sim_fast/img_sim_fast/img_sim/img_sim/img_sim.srcs/sources_1/imports/img_sim/img_pro.v:99]
WARNING: [VRFC 10-3091] actual bit length 1 differs from formal bit length 10 for port 'center_y' [C:/Users/baddog/Desktop/img_sim_fast/img_sim_fast/img_sim/img_sim/img_sim.srcs/sources_1/imports/img_sim/img_pro.v:100]
Completed static elaboration
Starting simulation data flow analysis
Completed simulation data flow analysis
Time Resolution for simulation is 1ps
Compiling module xil_defaultlib.rgb2yuv
Compiling module xil_defaultlib.im2bw
Compiling module blk_mem_gen_v8_4_2.blk_mem_gen_v8_4_2_output_stage(...
Compiling module blk_mem_gen_v8_4_2.blk_mem_gen_v8_4_2_output_stage(...
Compiling module blk_mem_gen_v8_4_2.blk_mem_gen_v8_4_2_softecc_outpu...
Compiling module blk_mem_gen_v8_4_2.blk_mem_gen_v8_4_2_mem_module(C_...
Compiling module blk_mem_gen_v8_4_2.blk_mem_axi_regs_fwd_v8_4(C_DATA...
Compiling module blk_mem_gen_v8_4_2.blk_mem_gen_v8_4_2(C_FAMILY="zyn...
Compiling module xil_defaultlib.delay_1hang
Compiling module xil_defaultlib.get_around
Compiling module xil_defaultlib.connect_domain_get
Compiling module xil_defaultlib.max_domain
Compiling module xil_defaultlib.img_pro
Compiling module xil_defaultlib.tb_top
Compiling module xil_defaultlib.glbl
Built simulation snapshot tb_top_behav
